  Baekjoon.cpp
C:\Users\ASUS\CPP_PL\Cpp_Basic\Cpp_Basic\Cpp_Basic\io.h(3,10): warning C4067: unexpected tokens following preprocessor directive - expected a newline
C:\Users\ASUS\CPP_PL\Cpp_Basic\Cpp_Basic\Cpp_Basic\Baekjoon.cpp(22,17): error C2677: binary '+': no global operator found which takes type 'std::string' (or there is no acceptable conversion)
C:\Program Files\Microsoft Visual Studio\2022\Community\VC\Tools\MSVC\14.37.32822\include\xstring(5002,62): message : could be 'std::basic_string<_Elem,_Traits,_Alloc> std::operator +(std::basic_string<_Elem,_Traits,_Alloc> &&,const _Elem)'
C:\Users\ASUS\CPP_PL\Cpp_Basic\Cpp_Basic\Cpp_Basic\Baekjoon.cpp(22,14): message : 'std::basic_string<_Elem,_Traits,_Alloc> std::operator +(std::basic_string<_Elem,_Traits,_Alloc> &&,const _Elem)': could not deduce template argument for 'std::basic_string<_Elem,_Traits,_Alloc> &&' from 'int'
C:\Program Files\Microsoft Visual Studio\2022\Community\VC\Tools\MSVC\14.37.32822\include\xstring(4996,62): message : or       'std::basic_string<_Elem,_Traits,_Alloc> std::operator +(std::basic_string<_Elem,_Traits,_Alloc> &&,const _Elem *const )'
C:\Users\ASUS\CPP_PL\Cpp_Basic\Cpp_Basic\Cpp_Basic\Baekjoon.cpp(22,14): message : 'std::basic_string<_Elem,_Traits,_Alloc> std::operator +(std::basic_string<_Elem,_Traits,_Alloc> &&,const _Elem *const )': could not deduce template argument for 'std::basic_string<_Elem,_Traits,_Alloc> &&' from 'int'
C:\Program Files\Microsoft Visual Studio\2022\Community\VC\Tools\MSVC\14.37.32822\include\xstring(4990,62): message : or       'std::basic_string<_Elem,_Traits,_Alloc> std::operator +(const _Elem,std::basic_string<_Elem,_Traits,_Alloc> &&)'
C:\Users\ASUS\CPP_PL\Cpp_Basic\Cpp_Basic\Cpp_Basic\Baekjoon.cpp(22,14): message : 'std::basic_string<_Elem,_Traits,_Alloc> std::operator +(const _Elem,std::basic_string<_Elem,_Traits,_Alloc> &&)': template parameter '_Elem' is ambiguous
C:\Users\ASUS\CPP_PL\Cpp_Basic\Cpp_Basic\Cpp_Basic\Baekjoon.cpp(22,14): message : could be 'char'
C:\Users\ASUS\CPP_PL\Cpp_Basic\Cpp_Basic\Cpp_Basic\Baekjoon.cpp(22,14): message : or       'int'
C:\Users\ASUS\CPP_PL\Cpp_Basic\Cpp_Basic\Cpp_Basic\Baekjoon.cpp(22,14): message : 'std::basic_string<_Elem,_Traits,_Alloc> std::operator +(const _Elem,std::basic_string<_Elem,_Traits,_Alloc> &&)': could not deduce template argument for 'std::basic_string<_Elem,_Traits,_Alloc> &&' from 'std::string'
C:\Program Files\Microsoft Visual Studio\2022\Community\VC\Tools\MSVC\14.37.32822\include\xstring(4984,62): message : or       'std::basic_string<_Elem,_Traits,_Alloc> std::operator +(const _Elem *const ,std::basic_string<_Elem,_Traits,_Alloc> &&)'
C:\Users\ASUS\CPP_PL\Cpp_Basic\Cpp_Basic\Cpp_Basic\Baekjoon.cpp(22,14): message : 'std::basic_string<_Elem,_Traits,_Alloc> std::operator +(const _Elem *const ,std::basic_string<_Elem,_Traits,_Alloc> &&)': could not deduce template argument for 'const _Elem *const ' from 'int'
C:\Program Files\Microsoft Visual Studio\2022\Community\VC\Tools\MSVC\14.37.32822\include\xstring(4971,62): message : or       'std::basic_string<_Elem,_Traits,_Alloc> std::operator +(std::basic_string<_Elem,_Traits,_Alloc> &&,std::basic_string<_Elem,_Traits,_Alloc> &&)'
C:\Users\ASUS\CPP_PL\Cpp_Basic\Cpp_Basic\Cpp_Basic\Baekjoon.cpp(22,14): message : 'std::basic_string<_Elem,_Traits,_Alloc> std::operator +(std::basic_string<_Elem,_Traits,_Alloc> &&,std::basic_string<_Elem,_Traits,_Alloc> &&)': could not deduce template argument for 'std::basic_string<_Elem,_Traits,_Alloc> &&' from 'int'
C:\Program Files\Microsoft Visual Studio\2022\Community\VC\Tools\MSVC\14.37.32822\include\xstring(4965,62): message : or       'std::basic_string<_Elem,_Traits,_Alloc> std::operator +(std::basic_string<_Elem,_Traits,_Alloc> &&,const std::basic_string<_Elem,_Traits,_Alloc> &)'
C:\Users\ASUS\CPP_PL\Cpp_Basic\Cpp_Basic\Cpp_Basic\Baekjoon.cpp(22,14): message : 'std::basic_string<_Elem,_Traits,_Alloc> std::operator +(std::basic_string<_Elem,_Traits,_Alloc> &&,const std::basic_string<_Elem,_Traits,_Alloc> &)': could not deduce template argument for 'std::basic_string<_Elem,_Traits,_Alloc> &&' from 'int'
C:\Program Files\Microsoft Visual Studio\2022\Community\VC\Tools\MSVC\14.37.32822\include\xstring(4959,62): message : or       'std::basic_string<_Elem,_Traits,_Alloc> std::operator +(const std::basic_string<_Elem,_Traits,_Alloc> &,std::basic_string<_Elem,_Traits,_Alloc> &&)'
C:\Users\ASUS\CPP_PL\Cpp_Basic\Cpp_Basic\Cpp_Basic\Baekjoon.cpp(22,14): message : 'std::basic_string<_Elem,_Traits,_Alloc> std::operator +(const std::basic_string<_Elem,_Traits,_Alloc> &,std::basic_string<_Elem,_Traits,_Alloc> &&)': could not deduce template argument for 'const std::basic_string<_Elem,_Traits,_Alloc> &' from 'int'
C:\Program Files\Microsoft Visual Studio\2022\Community\VC\Tools\MSVC\14.37.32822\include\xstring(4948,62): message : or       'std::basic_string<_Elem,_Traits,_Alloc> std::operator +(const std::basic_string<_Elem,_Traits,_Alloc> &,const _Elem)'
C:\Users\ASUS\CPP_PL\Cpp_Basic\Cpp_Basic\Cpp_Basic\Baekjoon.cpp(22,14): message : 'std::basic_string<_Elem,_Traits,_Alloc> std::operator +(const std::basic_string<_Elem,_Traits,_Alloc> &,const _Elem)': could not deduce template argument for 'const std::basic_string<_Elem,_Traits,_Alloc> &' from 'int'
C:\Program Files\Microsoft Visual Studio\2022\Community\VC\Tools\MSVC\14.37.32822\include\xstring(4935,62): message : or       'std::basic_string<_Elem,_Traits,_Alloc> std::operator +(const std::basic_string<_Elem,_Traits,_Alloc> &,const _Elem *const )'
C:\Users\ASUS\CPP_PL\Cpp_Basic\Cpp_Basic\Cpp_Basic\Baekjoon.cpp(22,14): message : 'std::basic_string<_Elem,_Traits,_Alloc> std::operator +(const std::basic_string<_Elem,_Traits,_Alloc> &,const _Elem *const )': could not deduce template argument for 'const std::basic_string<_Elem,_Traits,_Alloc> &' from 'int'
C:\Program Files\Microsoft Visual Studio\2022\Community\VC\Tools\MSVC\14.37.32822\include\xstring(4924,62): message : or       'std::basic_string<_Elem,_Traits,_Alloc> std::operator +(const _Elem,const std::basic_string<_Elem,_Traits,_Alloc> &)'
C:\Users\ASUS\CPP_PL\Cpp_Basic\Cpp_Basic\Cpp_Basic\Baekjoon.cpp(22,14): message : 'std::basic_string<_Elem,_Traits,_Alloc> std::operator +(const _Elem,const std::basic_string<_Elem,_Traits,_Alloc> &)': template parameter '_Elem' is ambiguous
C:\Users\ASUS\CPP_PL\Cpp_Basic\Cpp_Basic\Cpp_Basic\Baekjoon.cpp(22,14): message : could be 'char'
C:\Users\ASUS\CPP_PL\Cpp_Basic\Cpp_Basic\Cpp_Basic\Baekjoon.cpp(22,14): message : or       'int'
C:\Users\ASUS\CPP_PL\Cpp_Basic\Cpp_Basic\Cpp_Basic\Baekjoon.cpp(22,14): message : 'std::basic_string<_Elem,_Traits,_Alloc> std::operator +(const _Elem,const std::basic_string<_Elem,_Traits,_Alloc> &)': could not deduce template argument for 'const std::basic_string<_Elem,_Traits,_Alloc> &' from 'std::string'
C:\Program Files\Microsoft Visual Studio\2022\Community\VC\Tools\MSVC\14.37.32822\include\xstring(4911,62): message : or       'std::basic_string<_Elem,_Traits,_Alloc> std::operator +(const _Elem *const ,const std::basic_string<_Elem,_Traits,_Alloc> &)'
C:\Users\ASUS\CPP_PL\Cpp_Basic\Cpp_Basic\Cpp_Basic\Baekjoon.cpp(22,14): message : 'std::basic_string<_Elem,_Traits,_Alloc> std::operator +(const _Elem *const ,const std::basic_string<_Elem,_Traits,_Alloc> &)': could not deduce template argument for 'const _Elem *const ' from 'int'
C:\Program Files\Microsoft Visual Studio\2022\Community\VC\Tools\MSVC\14.37.32822\include\xstring(4899,62): message : or       'std::basic_string<_Elem,_Traits,_Alloc> std::operator +(const std::basic_string<_Elem,_Traits,_Alloc> &,const std::basic_string<_Elem,_Traits,_Alloc> &)'
C:\Users\ASUS\CPP_PL\Cpp_Basic\Cpp_Basic\Cpp_Basic\Baekjoon.cpp(22,14): message : 'std::basic_string<_Elem,_Traits,_Alloc> std::operator +(const std::basic_string<_Elem,_Traits,_Alloc> &,const std::basic_string<_Elem,_Traits,_Alloc> &)': could not deduce template argument for 'const std::basic_string<_Elem,_Traits,_Alloc> &' from 'int'
C:\Program Files\Microsoft Visual Studio\2022\Community\VC\Tools\MSVC\14.37.32822\include\xutility(4347,5): message : or       'std::move_iterator<_Iter> std::operator +(move_iterator<_Iter>::difference_type,const std::move_iterator<_Iter> &) noexcept(<expr>)'
C:\Users\ASUS\CPP_PL\Cpp_Basic\Cpp_Basic\Cpp_Basic\Baekjoon.cpp(22,14): message : 'std::move_iterator<_Iter> std::operator +(move_iterator<_Iter>::difference_type,const std::move_iterator<_Iter> &) noexcept(<expr>)': could not deduce template argument for 'const std::move_iterator<_Iter> &' from 'std::string'
C:\Program Files\Microsoft Visual Studio\2022\Community\VC\Tools\MSVC\14.37.32822\include\xutility(1762,50): message : or       'std::reverse_iterator<_BidIt> std::operator +(reverse_iterator<_BidIt>::difference_type,const std::reverse_iterator<_BidIt> &) noexcept(<expr>)'
C:\Users\ASUS\CPP_PL\Cpp_Basic\Cpp_Basic\Cpp_Basic\Baekjoon.cpp(22,14): message : 'std::reverse_iterator<_BidIt> std::operator +(reverse_iterator<_BidIt>::difference_type,const std::reverse_iterator<_BidIt> &) noexcept(<expr>)': could not deduce template argument for 'const std::reverse_iterator<_BidIt> &' from 'std::string'
C:\Users\ASUS\CPP_PL\Cpp_Basic\Cpp_Basic\Cpp_Basic\Baekjoon.cpp(99,29): warning C4018: '<': signed/unsigned mismatch
